# JRE version: Java(TM) SE Runtime Environment (8.0_40-b26) (build 1.8.0_40-b26)
# Java VM: Java HotSpot(TM) 64-Bit Server VM (25.40-b25 mixed mode bsd-amd64 compressed oops)
Heap:
 PSYoungGen      total 64000K, used 44167K [0x0000000795580000, 0x000000079a080000, 0x00000007c0000000)
  eden space 58880K, 66% used [0x0000000795580000,0x0000000797ba4720,0x0000000798f00000)
  from space 5120K, 99% used [0x0000000799b80000,0x000000079a07d658,0x000000079a080000)
  to   space 5120K, 0% used [0x0000000799680000,0x0000000799680000,0x0000000799b80000)
 ParOldGen       total 54272K, used 9723K [0x0000000740000000, 0x0000000743500000, 0x0000000795580000)
  object space 54272K, 17% used [0x0000000740000000,0x000000074097edb8,0x0000000743500000)
 Metaspace       used 31982K, capacity 33172K, committed 33408K, reserved 1077248K
  class space    used 4406K, capacity 4649K, committed 4736K, reserved 1048576K
GC Heap History (10 events):
Event: 5.872 GC heap before
{Heap before GC invocations=1 (full 0):
 PSYoungGen      total 38400K, used 33280K [0x0000000795580000, 0x0000000798000000, 0x00000007c0000000)
  eden space 33280K, 100% used [0x0000000795580000,0x0000000797600000,0x0000000797600000)
  from space 5120K, 0% used [0x0000000797b00000,0x0000000797b00000,0x0000000798000000)
  to   space 5120K, 0% used [0x0000000797600000,0x0000000797600000,0x0000000797b00000)
 ParOldGen       total 87552K, used 0K [0x0000000740000000, 0x0000000745580000, 0x0000000795580000)
  object space 87552K, 0% used [0x0000000740000000,0x0000000740000000,0x0000000745580000)
 Metaspace       used 13831K, capacity 14494K, committed 14592K, reserved 1060864K
  class space    used 2028K, capacity 2207K, committed 2304K, reserved 1048576K
Event: 5.884 GC heap after
Heap after GC invocations=1 (full 0):
 PSYoungGen      total 38400K, used 4002K [0x0000000795580000, 0x0000000798000000, 0x00000007c0000000)
  eden space 33280K, 0% used [0x0000000795580000,0x0000000795580000,0x0000000797600000)
  from space 5120K, 78% used [0x0000000797600000,0x00000007979e8ad0,0x0000000797b00000)
  to   space 5120K, 0% used [0x0000000797b00000,0x0000000797b00000,0x0000000798000000)
 ParOldGen       total 87552K, used 4112K [0x0000000740000000, 0x0000000745580000, 0x0000000795580000)
  object space 87552K, 4% used [0x0000000740000000,0x0000000740404020,0x0000000745580000)
 Metaspace       used 13831K, capacity 14494K, committed 14592K, reserved 1060864K
  class space    used 2028K, capacity 2207K, committed 2304K, reserved 1048576K
}
Event: 6.390 GC heap before
{Heap before GC invocations=2 (full 0):
 PSYoungGen      total 38400K, used 37282K [0x0000000795580000, 0x0000000798000000, 0x00000007c0000000)
  eden space 33280K, 100% used [0x0000000795580000,0x0000000797600000,0x0000000797600000)
  from space 5120K, 78% used [0x0000000797600000,0x00000007979e8ad0,0x0000000797b00000)
  to   space 5120K, 0% used [0x0000000797b00000,0x0000000797b00000,0x0000000798000000)
 ParOldGen       total 87552K, used 4112K [0x0000000740000000, 0x0000000745580000, 0x0000000795580000)
  object space 87552K, 4% used [0x0000000740000000,0x0000000740404020,0x0000000745580000)
 Metaspace       used 18926K, capacity 19588K, committed 19840K, reserved 1067008K
  class space    used 2742K, capacity 2944K, committed 2944K, reserved 1048576K
Event: 6.401 GC heap after
Heap after GC invocations=2 (full 0):
 PSYoungGen      total 38400K, used 5105K [0x0000000795580000, 0x000000079a080000, 0x00000007c0000000)
  eden space 33280K, 0% used [0x0000000795580000,0x0000000795580000,0x0000000797600000)
  from space 5120K, 99% used [0x0000000797b00000,0x0000000797ffc440,0x0000000798000000)
  to   space 5120K, 0% used [0x0000000797600000,0x0000000797600000,0x0000000797b00000)
 ParOldGen       total 87552K, used 6846K [0x0000000740000000, 0x0000000745580000, 0x0000000795580000)
  object space 87552K, 7% used [0x0000000740000000,0x00000007406af848,0x0000000745580000)
 Metaspace       used 18926K, capacity 19588K, committed 19840K, reserved 1067008K
  class space    used 2742K, capacity 2944K, committed 2944K, reserved 1048576K
}
Event: 6.554 GC heap before
{Heap before GC invocations=3 (full 0):
 PSYoungGen      total 38400K, used 11980K [0x0000000795580000, 0x000000079a080000, 0x00000007c0000000)
  eden space 33280K, 20% used [0x0000000795580000,0x0000000795c36e00,0x0000000797600000)
  from space 5120K, 99% used [0x0000000797b00000,0x0000000797ffc440,0x0000000798000000)
  to   space 5120K, 0% used [0x0000000797600000,0x0000000797600000,0x0000000797b00000)
 ParOldGen       total 87552K, used 6846K [0x0000000740000000, 0x0000000745580000, 0x0000000795580000)
  object space 87552K, 7% used [0x0000000740000000,0x00000007406af848,0x0000000745580000)
 Metaspace       used 20581K, capacity 21188K, committed 21248K, reserved 1067008K
  class space    used 2898K, capacity 3072K, committed 3072K, reserved 1048576K
Event: 6.563 GC heap after
Heap after GC invocations=3 (full 0):
 PSYoungGen      total 38400K, used 5098K [0x0000000795580000, 0x000000079a080000, 0x00000007c0000000)
  eden space 33280K, 0% used [0x0000000795580000,0x0000000795580000,0x0000000797600000)
  from space 5120K, 99% used [0x0000000797600000,0x0000000797afaa58,0x0000000797b00000)
  to   space 5120K, 0% used [0x0000000799b80000,0x0000000799b80000,0x000000079a080000)
 ParOldGen       total 87552K, used 8738K [0x0000000740000000, 0x0000000745580000, 0x0000000795580000)
  object space 87552K, 9% used [0x0000000740000000,0x0000000740888b38,0x0000000745580000)
 Metaspace       used 20581K, capacity 21188K, committed 21248K, reserved 1067008K
  class space    used 2898K, capacity 3072K, committed 3072K, reserved 1048576K
}
Event: 6.563 GC heap before
{Heap before GC invocations=4 (full 1):
 PSYoungGen      total 38400K, used 5098K [0x0000000795580000, 0x000000079a080000, 0x00000007c0000000)
  eden space 33280K, 0% used [0x0000000795580000,0x0000000795580000,0x0000000797600000)
  from space 5120K, 99% used [0x0000000797600000,0x0000000797afaa58,0x0000000797b00000)
  to   space 5120K, 0% used [0x0000000799b80000,0x0000000799b80000,0x000000079a080000)
 ParOldGen       total 87552K, used 8738K [0x0000000740000000, 0x0000000745580000, 0x0000000795580000)
  object space 87552K, 9% used [0x0000000740000000,0x0000000740888b38,0x0000000745580000)
 Metaspace       used 20581K, capacity 21188K, committed 21248K, reserved 1067008K
  class space    used 2898K, capacity 3072K, committed 3072K, reserved 1048576K
Event: 6.604 GC heap after
Heap after GC invocations=4 (full 1):
 PSYoungGen      total 38400K, used 0K [0x0000000795580000, 0x000000079a080000, 0x00000007c0000000)
  eden space 33280K, 0% used [0x0000000795580000,0x0000000795580000,0x0000000797600000)
  from space 5120K, 0% used [0x0000000797600000,0x0000000797600000,0x0000000797b00000)
  to   space 5120K, 0% used [0x0000000799b80000,0x0000000799b80000,0x000000079a080000)
 ParOldGen       total 54272K, used 9028K [0x0000000740000000, 0x0000000743500000, 0x0000000795580000)
  object space 54272K, 16% used [0x0000000740000000,0x00000007408d1078,0x0000000743500000)
 Metaspace       used 20581K, capacity 21188K, committed 21248K, reserved 1067008K
  class space    used 2898K, capacity 3072K, committed 3072K, reserved 1048576K
}
Event: 7.445 GC heap before
{Heap before GC invocations=5 (full 1):
 PSYoungGen      total 38400K, used 33280K [0x0000000795580000, 0x000000079a080000, 0x00000007c0000000)
  eden space 33280K, 100% used [0x0000000795580000,0x0000000797600000,0x0000000797600000)
  from space 5120K, 0% used [0x0000000797600000,0x0000000797600000,0x0000000797b00000)
  to   space 5120K, 0% used [0x0000000799b80000,0x0000000799b80000,0x000000079a080000)
 ParOldGen       total 54272K, used 9028K [0x0000000740000000, 0x0000000743500000, 0x0000000795580000)
  object space 54272K, 16% used [0x0000000740000000,0x00000007408d1078,0x0000000743500000)
 Metaspace       used 26743K, capacity 27402K, committed 27776K, reserved 1073152K
  class space    used 3718K, capacity 3905K, committed 3968K, reserved 1048576K
Event: 7.454 GC heap after
Heap after GC invocations=5 (full 1):
 PSYoungGen      total 64000K, used 5109K [0x0000000795580000, 0x000000079a080000, 0x00000007c0000000)
  eden space 58880K, 0% used [0x0000000795580000,0x0000000795580000,0x0000000798f00000)
  from space 5120K, 99% used [0x0000000799b80000,0x000000079a07d658,0x000000079a080000)
  to   space 5120K, 0% used [0x0000000799680000,0x0000000799680000,0x0000000799b80000)
 ParOldGen       total 54272K, used 9723K [0x0000000740000000, 0x0000000743500000, 0x0000000795580000)
  object space 54272K, 17% used [0x0000000740000000,0x000000074097edb8,0x0000000743500000)
 Metaspace       used 26743K, capacity 27402K, committed 27776K, reserved 1073152K
  class space    used 3718K, capacity 3905K, committed 3968K, reserved 1048576K
}

